<?xml version="1.0" encoding="UTF-8" ?>
<testsuite tests="1" failures="0" name="com.mycompany.app.AppTest" time="0" errors="0" skipped="0">
  <properties>
    <property name="java.runtime.name" value="OpenJDK Runtime Environment"/>
    <property name="java.vm.version" value="14.0.2+12"/>
    <property name="sun.boot.library.path" value="C:\Program Files\AdoptOpenJDK\jdk-14.0.2.12-hotspot\bin"/>
    <property name="maven.multiModuleProjectDirectory" value="C:/Users/Kevin KOUOMEU/Desktop/Arsene/Formations/Github/maven"/>
    <property name="java.vm.vendor" value="AdoptOpenJDK"/>
    <property name="java.vendor.url" value="https://adoptopenjdk.net/"/>
    <property name="path.separator" value=";"/>
    <property name="guice.disable.misplaced.annotation.check" value="true"/>
    <property name="java.vm.name" value="OpenJDK 64-Bit Server VM"/>
    <property name="user.country" value="FR"/>
    <property name="sun.java.launcher" value="SUN_STANDARD"/>
    <property name="user.script" value=""/>
    <property name="sun.os.patch.level" value=""/>
    <property name="user.dir" value="C:\Users\Kevin KOUOMEU\Desktop\Arsene\Formations\Github\maven"/>
    <property name="java.vm.compressedOopsMode" value="Zero based"/>
    <property name="java.vm.specification.name" value="Java Virtual Machine Specification"/>
    <property name="java.runtime.version" value="14.0.2+12"/>
    <property name="os.arch" value="amd64"/>
    <property name="java.io.tmpdir" value="C:\Users\KEVINK~1\AppData\Local\Temp\"/>
    <property name="line.separator" value="
"/>
    <property name="java.vm.specification.vendor" value="Oracle Corporation"/>
    <property name="user.variant" value=""/>
    <property name="os.name" value="Windows 10"/>
    <property name="classworlds.conf" value="C:/Users/Kevin KOUOMEU/Desktop/Arsene/Tools/apache-maven-3.6.3-bin/apache-maven-3.6.3/bin/m2.conf"/>
    <property name="sun.jnu.encoding" value="Cp1252"/>
    <property name="java.library.path" value="C:\Program Files\AdoptOpenJDK\jdk-14.0.2.12-hotspot\bin;C:\Windows\Sun\Java\bin;C:\Windows\system32;C:\Windows;C:\Program Files\Git\mingw64\bin;C:\Program Files\Git\usr\bin;C:\Users\Kevin KOUOMEU\bin;C:\Program Files\AdoptOpenJDK\jdk-14.0.2.12-hotspot\bin;C:\Program Files (x86)\Common Files\Oracle\Java\javapath;C:\Windows\system32;C:\Windows;C:\Windows\System32\Wbem;C:\Windows\System32\WindowsPowerShell\v1.0;C:\Windows\System32\OpenSSH;C:\Program Files (x86)\NVIDIA Corporation\PhysX\Common;C:\Program Files\NVIDIA Corporation\NVIDIA NvDLISR;C:\Program Files\Git\cmd;C:\Program Files\Java\jre1.8.0_261\bin;C:\Users\Kevin KOUOMEU\Downloads\cmder;C:\Users\Kevin KOUOMEU\Desktop\Arsene\Tools\apache-maven-3.6.3-bin\apache-maven-3.6.3\bin;C:\Users\Kevin KOUOMEU\Desktop\Arsene\Tools\visualvm_204\bin;C:\Users\Kevin KOUOMEU\AppData\Local\Microsoft\WindowsApps;C:\Program Files\JetBrains\IntelliJ IDEA Community Edition 2020.2.2\bin;C:\Program Files\JetBrains\IntelliJ IDEA 2020.2.2\bin;C:\Users\Kevin KOUOMEU\AppData\Local\Programs\Microsoft VS Code\bin;."/>
    <property name="maven.conf" value="C:/Users/Kevin KOUOMEU/Desktop/Arsene/Tools/apache-maven-3.6.3-bin/apache-maven-3.6.3/conf"/>
    <property name="jdk.debug" value="release"/>
    <property name="java.class.version" value="58.0"/>
    <property name="java.specification.name" value="Java Platform API Specification"/>
    <property name="sun.management.compiler" value="HotSpot 64-Bit Tiered Compilers"/>
    <property name="os.version" value="10.0"/>
    <property name="library.jansi.path" value="C:/Users/Kevin KOUOMEU/Desktop/Arsene/Tools/apache-maven-3.6.3-bin/apache-maven-3.6.3/lib/jansi-native"/>
    <property name="user.home" value="C:\Users\Kevin KOUOMEU"/>
    <property name="user.timezone" value="Europe/Paris"/>
    <property name="file.encoding" value="Cp1252"/>
    <property name="java.specification.version" value="14"/>
    <property name="java.class.path" value="C:/Users/Kevin KOUOMEU/Desktop/Arsene/Tools/apache-maven-3.6.3-bin/apache-maven-3.6.3/boot/plexus-classworlds-2.6.0.jar"/>
    <property name="user.name" value="Kevin KOUOMEU"/>
    <property name="java.vm.specification.version" value="14"/>
    <property name="sun.arch.data.model" value="64"/>
    <property name="sun.java.command" value="org.codehaus.plexus.classworlds.launcher.Launcher install"/>
    <property name="java.home" value="C:\Program Files\AdoptOpenJDK\jdk-14.0.2.12-hotspot"/>
    <property name="user.language" value="fr"/>
    <property name="java.specification.vendor" value="Oracle Corporation"/>
    <property name="java.vm.info" value="mixed mode, sharing"/>
    <property name="java.version" value="14.0.2"/>
    <property name="java.vendor" value="AdoptOpenJDK"/>
    <property name="sun.stderr.encoding" value="cp850"/>
    <property name="maven.home" value="C:\Users\Kevin KOUOMEU\Desktop\Arsene\Tools\apache-maven-3.6.3-bin\apache-maven-3.6.3"/>
    <property name="file.separator" value="\"/>
    <property name="java.version.date" value="2020-07-14"/>
    <property name="java.vendor.url.bug" value="https://github.com/AdoptOpenJDK/openjdk-support/issues"/>
    <property name="sun.cpu.endian" value="little"/>
    <property name="sun.io.unicode.encoding" value="UnicodeLittle"/>
    <property name="java.vendor.version" value="AdoptOpenJDK"/>
    <property name="sun.stdout.encoding" value="cp850"/>
    <property name="sun.cpu.isalist" value="amd64"/>
  </properties>
  <testcase classname="com.mycompany.app.AppTest" name="shouldAnswerWithTrue" time="0"/>
</testsuite>